Base path: C:/Program Files (x86)/Unity/Editor/Data
Pipe name: \\.\pipe\UnityShaderCompiler-1-2644
Cmd: getPlatforms
Cmd: preprocess
  insize=1277 outsize=483 ok=1
Cmd: preprocess
  insize=956 outsize=631 ok=1
Cmd: preprocess
  insize=1200 outsize=406 ok=1
Cmd: preprocess
  insize=984 outsize=636 ok=1
Cmd: preprocess
  insize=1688 outsize=575 ok=1
Cmd: preprocess
  insize=876 outsize=552 ok=1
Cmd: preprocess
  insize=904 outsize=557 ok=1
Cmd: preprocess
  insize=860 outsize=191 ok=1
Cmd: preprocess
  insize=1111 outsize=349 ok=1
Cmd: preprocess
  insize=251 outsize=251 ok=1
Cmd: preprocess
  insize=1276 outsize=371 ok=1
Cmd: compileSnippet
  error: 2 plat 4 at (54): incorrect number of arguments to numeric-type constructor
  api=4 type=0 insize=1204 outsize=0 kw= ok=0
Cmd: preprocess
  insize=585 outsize=582 ok=1
Cmd: preprocess
  insize=1187 outsize=425 ok=1
